{
"src/app/app.component.ts":{"path":"src/app/app.component.ts","statementMap":{"1":{"start":{"line":1,"column":0},"end":{"line":1,"column":41}},"2":{"start":{"line":5,"column":0},"end":{"line":5,"column":37}},"3":{"start":{"line":7,"column":0},"end":{"line":7,"column":37}},"4":{"start":{"line":14,"column":25},"end":{"line":14,"column":0}},"5":{"start":{"line":17,"column":21},"end":{"line":17,"column":31}},"6":{"start":{"line":15,"column":9},"end":{"line":15,"column":37}},"7":{"start":{"line":18,"column":0},"end":{"line":18,"column":1}},"8":{"start":{"line":14,"column":13},"end":{"line":18,"column":1}},"9":{"start":{"line":14,"column":13},"end":{"line":14,"column":25}}},"fnMap":{"1":{"name":"(anonymous_2)","line":14,"loc":{"start":{"line":14,"column":25},"end":{"line":14,"column":0}}},"2":{"name":"AppComponent","line":17,"loc":{"start":{"line":17,"column":31},"end":{"line":17,"column":35}}}},"branchMap":{},"s":{"1":1,"2":1,"3":1,"4":1,"5":1,"6":1,"7":1,"8":1,"9":1},"b":{},"f":{"1":1,"2":1},"l":{"1":1,"5":1,"7":1,"14":1,"15":1,"17":1,"18":1}},
"src/app/auth.service.ts":{"path":"src/app/auth.service.ts","statementMap":{"1":{"start":{"line":1,"column":0},"end":{"line":1,"column":42}},"2":{"start":{"line":2,"column":0},"end":{"line":2,"column":40}},"3":{"start":{"line":3,"column":0},"end":{"line":3,"column":46}},"4":{"start":{"line":5,"column":0},"end":{"line":5,"column":42}},"5":{"start":{"line":12,"column":17},"end":{"line":12,"column":0}},"6":{"start":{"line":19,"column":2},"end":{"line":44,"column":2}},"7":{"start":{"line":19,"column":22},"end":{"line":19,"column":36}},"8":{"start":{"line":20,"column":4},"end":{"line":43,"column":5}},"9":{"start":{"line":22,"column":6},"end":{"line":22,"column":76}},"10":{"start":{"line":25,"column":6},"end":{"line":25,"column":69}},"11":{"start":{"line":28,"column":6},"end":{"line":42,"column":9}},"12":{"start":{"line":29,"column":8},"end":{"line":29,"column":61}},"13":{"start":{"line":32,"column":8},"end":{"line":40,"column":11}},"14":{"start":{"line":33,"column":10},"end":{"line":35,"column":11}},"15":{"start":{"line":34,"column":12},"end":{"line":34,"column":31}},"16":{"start":{"line":37,"column":10},"end":{"line":37,"column":67}},"17":{"start":{"line":38,"column":10},"end":{"line":38,"column":80}},"18":{"start":{"line":39,"column":10},"end":{"line":39,"column":37}},"19":{"start":{"line":41,"column":8},"end":{"line":41,"column":25}},"20":{"start":{"line":46,"column":9},"end":{"line":55,"column":3}},"21":{"start":{"line":48,"column":2},"end":{"line":53,"column":5}},"22":{"start":{"line":49,"column":6},"end":{"line":49,"column":23}},"23":{"start":{"line":52,"column":6},"end":{"line":52,"column":324}},"24":{"start":{"line":54,"column":4},"end":{"line":54,"column":73}},"25":{"start":{"line":57,"column":9},"end":{"line":61,"column":3}},"26":{"start":{"line":60,"column":4},"end":{"line":60,"column":29}},"27":{"start":{"line":63,"column":9},"end":{"line":71,"column":3}},"28":{"start":{"line":65,"column":4},"end":{"line":65,"column":40}},"29":{"start":{"line":66,"column":4},"end":{"line":66,"column":39}},"30":{"start":{"line":67,"column":4},"end":{"line":67,"column":33}},"31":{"start":{"line":70,"column":4},"end":{"line":70,"column":35}},"32":{"start":{"line":72,"column":0},"end":{"line":72,"column":1}},"33":{"start":{"line":12,"column":13},"end":{"line":72,"column":1}},"34":{"start":{"line":12,"column":13},"end":{"line":12,"column":17}}},"fnMap":{"1":{"name":"(anonymous_2)","line":12,"loc":{"start":{"line":12,"column":17},"end":{"line":12,"column":0}}},"2":{"name":"Auth","line":19,"loc":{"start":{"line":19,"column":36},"end":{"line":44,"column":3}}},"3":{"name":"(anonymous_4)","line":28,"loc":{"start":{"line":28,"column":52},"end":{"line":42,"column":7}}},"4":{"name":"(anonymous_5)","line":32,"loc":{"start":{"line":32,"column":74},"end":{"line":40,"column":9}}},"5":{"name":"(anonymous_6)","line":46,"loc":{"start":{"line":46,"column":2},"end":{"line":55,"column":3}}},"6":{"name":"(anonymous_7)","line":57,"loc":{"start":{"line":57,"column":2},"end":{"line":61,"column":3}}},"7":{"name":"(anonymous_8)","line":63,"loc":{"start":{"line":63,"column":2},"end":{"line":71,"column":3}}}},"branchMap":{"1":{"line":20,"type":"if","locations":[{"start":{"line":20,"column":4},"end":{"line":43,"column":5}},{"start":{"line":20,"column":4},"end":{"line":43,"column":5}}]},"2":{"line":33,"type":"if","locations":[{"start":{"line":33,"column":10},"end":{"line":35,"column":11}},{"start":{"line":33,"column":10},"end":{"line":35,"column":11}}]},"3":{"line":48,"type":"if","locations":[{"start":{"line":48,"column":2},"end":{"line":53,"column":5}},{"start":{"line":48,"column":2},"end":{"line":53,"column":5}}]}},"s":{"1":1,"2":1,"3":1,"4":1,"5":1,"6":0,"7":0,"8":0,"9":0,"10":0,"11":0,"12":0,"13":0,"14":0,"15":0,"16":0,"17":0,"18":0,"19":0,"20":1,"21":0,"22":0,"23":0,"24":0,"25":1,"26":0,"27":1,"28":0,"29":0,"30":0,"31":0,"32":1,"33":1,"34":1},"b":{"1":[0,0],"2":[0,0],"3":[0,0]},"f":{"1":1,"2":0,"3":0,"4":0,"5":0,"6":0,"7":0},"l":{"1":1,"2":1,"3":1,"5":1,"12":1,"19":0,"20":0,"22":0,"25":0,"28":0,"29":0,"32":0,"33":0,"34":0,"37":0,"38":0,"39":0,"41":0,"46":1,"48":0,"49":0,"52":0,"54":0,"57":1,"60":0,"63":1,"65":0,"66":0,"67":0,"70":0,"72":1}},
"src/app/auth.config.ts":{"path":"src/app/auth.config.ts","statementMap":{"1":{"start":{"line":6,"column":13},"end":{"line":9,"column":2}}},"fnMap":{},"branchMap":{},"s":{"1":1},"b":{},"f":{},"l":{"6":1}},
"src/app/tickers/tickers.component.ts":{"path":"src/app/tickers/tickers.component.ts","statementMap":{"1":{"start":{"line":1,"column":0},"end":{"line":1,"column":49}},"2":{"start":{"line":3,"column":0},"end":{"line":3,"column":36}},"3":{"start":{"line":4,"column":0},"end":{"line":4,"column":51}},"4":{"start":{"line":5,"column":0},"end":{"line":5,"column":38}},"5":{"start":{"line":13,"column":29},"end":{"line":13,"column":0}},"6":{"start":{"line":24,"column":12},"end":{"line":24,"column":40}},"7":{"start":{"line":25,"column":12},"end":{"line":25,"column":22}},"8":{"start":{"line":15,"column":10},"end":{"line":15,"column":73}},"9":{"start":{"line":16,"column":10},"end":{"line":16,"column":33}},"10":{"start":{"line":18,"column":10},"end":{"line":18,"column":48}},"11":{"start":{"line":19,"column":10},"end":{"line":19,"column":35}},"12":{"start":{"line":20,"column":10},"end":{"line":20,"column":32}},"13":{"start":{"line":21,"column":10},"end":{"line":21,"column":34}},"14":{"start":{"line":28,"column":2},"end":{"line":32,"column":3}},"15":{"start":{"line":29,"column":4},"end":{"line":31,"column":5}},"16":{"start":{"line":30,"column":6},"end":{"line":30,"column":25}},"17":{"start":{"line":34,"column":2},"end":{"line":40,"column":3}},"18":{"start":{"line":34,"column":2},"end":{"line":40,"column":2}},"19":{"start":{"line":35,"column":4},"end":{"line":39,"column":8}},"20":{"start":{"line":37,"column":17},"end":{"line":37,"column":39}},"21":{"start":{"line":38,"column":15},"end":{"line":38,"column":45}},"22":{"start":{"line":42,"column":2},"end":{"line":57,"column":3}},"23":{"start":{"line":42,"column":2},"end":{"line":57,"column":2}},"24":{"start":{"line":43,"column":4},"end":{"line":43,"column":40}},"25":{"start":{"line":44,"column":4},"end":{"line":56,"column":5}},"26":{"start":{"line":45,"column":6},"end":{"line":48,"column":10}},"27":{"start":{"line":47,"column":17},"end":{"line":47,"column":47}},"28":{"start":{"line":51,"column":6},"end":{"line":55,"column":10}},"29":{"start":{"line":53,"column":18},"end":{"line":53,"column":43}},"30":{"start":{"line":54,"column":17},"end":{"line":54,"column":47}},"31":{"start":{"line":59,"column":2},"end":{"line":61,"column":3}},"32":{"start":{"line":59,"column":13},"end":{"line":59,"column":21}},"33":{"start":{"line":60,"column":4},"end":{"line":60,"column":47}},"34":{"start":{"line":63,"column":2},"end":{"line":68,"column":3}},"35":{"start":{"line":64,"column":4},"end":{"line":64,"column":39}},"36":{"start":{"line":65,"column":4},"end":{"line":65,"column":37}},"37":{"start":{"line":66,"column":4},"end":{"line":66,"column":24}},"38":{"start":{"line":67,"column":4},"end":{"line":67,"column":51}},"39":{"start":{"line":69,"column":0},"end":{"line":69,"column":1}},"40":{"start":{"line":13,"column":13},"end":{"line":69,"column":1}},"41":{"start":{"line":13,"column":13},"end":{"line":13,"column":29}}},"fnMap":{"1":{"name":"(anonymous_2)","line":13,"loc":{"start":{"line":13,"column":29},"end":{"line":13,"column":0}}},"2":{"name":"TickersComponent","line":25,"loc":{"start":{"line":25,"column":22},"end":{"line":26,"column":7}}},"3":{"name":"(anonymous_4)","line":28,"loc":{"start":{"line":28,"column":2},"end":{"line":32,"column":3}}},"4":{"name":"(anonymous_5)","line":34,"loc":{"start":{"line":34,"column":2},"end":{"line":40,"column":3}}},"5":{"name":"(anonymous_6)","line":37,"loc":{"start":{"line":37,"column":13},"end":{"line":37,"column":39}}},"6":{"name":"(anonymous_7)","line":38,"loc":{"start":{"line":38,"column":11},"end":{"line":38,"column":45}}},"7":{"name":"(anonymous_8)","line":42,"loc":{"start":{"line":42,"column":27},"end":{"line":57,"column":3}}},"8":{"name":"(anonymous_9)","line":47,"loc":{"start":{"line":47,"column":13},"end":{"line":47,"column":47}}},"9":{"name":"(anonymous_10)","line":53,"loc":{"start":{"line":53,"column":14},"end":{"line":53,"column":43}}},"10":{"name":"(anonymous_11)","line":54,"loc":{"start":{"line":54,"column":13},"end":{"line":54,"column":47}}},"11":{"name":"(anonymous_12)","line":59,"loc":{"start":{"line":59,"column":29},"end":{"line":61,"column":3}}},"12":{"name":"(anonymous_13)","line":63,"loc":{"start":{"line":63,"column":2},"end":{"line":68,"column":3}}}},"branchMap":{"1":{"line":29,"type":"if","locations":[{"start":{"line":29,"column":4},"end":{"line":31,"column":5}},{"start":{"line":29,"column":4},"end":{"line":31,"column":5}}]},"2":{"line":44,"type":"if","locations":[{"start":{"line":44,"column":4},"end":{"line":56,"column":5}},{"start":{"line":44,"column":4},"end":{"line":56,"column":5}}]}},"s":{"1":1,"2":1,"3":1,"4":1,"5":1,"6":0,"7":0,"8":0,"9":0,"10":0,"11":0,"12":0,"13":0,"14":1,"15":0,"16":0,"17":1,"18":0,"19":0,"20":0,"21":0,"22":1,"23":0,"24":0,"25":0,"26":0,"27":0,"28":0,"29":0,"30":0,"31":1,"32":0,"33":0,"34":1,"35":0,"36":0,"37":0,"38":0,"39":1,"40":1,"41":1},"b":{"1":[0,0],"2":[0,0]},"f":{"1":1,"2":0,"3":0,"4":0,"5":0,"6":0,"7":0,"8":0,"9":0,"10":0,"11":0,"12":0},"l":{"1":1,"3":1,"4":1,"5":1,"13":1,"15":0,"16":0,"18":0,"19":0,"20":0,"21":0,"24":0,"25":0,"28":1,"29":0,"30":0,"34":1,"35":0,"37":0,"38":0,"42":1,"43":0,"44":0,"45":0,"47":0,"51":0,"53":0,"54":0,"59":1,"60":0,"63":1,"64":0,"65":0,"66":0,"67":0,"69":1}},
"src/app/ticker.ts":{"path":"src/app/ticker.ts","statementMap":{"1":{"start":{"line":1,"column":0},"end":{"line":9,"column":0}},"2":{"start":{"line":3,"column":11},"end":{"line":3,"column":21}},"3":{"start":{"line":4,"column":11},"end":{"line":4,"column":25}},"4":{"start":{"line":5,"column":11},"end":{"line":5,"column":27}},"5":{"start":{"line":6,"column":9},"end":{"line":6,"column":25}},"6":{"start":{"line":7,"column":9},"end":{"line":7,"column":25}},"7":{"start":{"line":9,"column":0},"end":{"line":9,"column":1}},"8":{"start":{"line":1,"column":13},"end":{"line":1,"column":19}}},"fnMap":{"1":{"name":"(anonymous_0)","line":1,"loc":{"start":{"line":1,"column":0},"end":{"line":1,"column":-1}}},"2":{"name":"Ticker","line":7,"loc":{"start":{"line":7,"column":25},"end":{"line":8,"column":7}}}},"branchMap":{},"s":{"1":1,"2":0,"3":0,"4":0,"5":0,"6":0,"7":1,"8":1},"b":{},"f":{"1":1,"2":0},"l":{"1":1,"3":0,"4":0,"5":0,"6":0,"7":0,"9":1}},
"src/app/ticker.service.ts":{"path":"src/app/ticker.service.ts","statementMap":{"1":{"start":{"line":1,"column":0},"end":{"line":1,"column":42}},"2":{"start":{"line":5,"column":0},"end":{"line":5,"column":33}},"3":{"start":{"line":6,"column":0},"end":{"line":6,"column":31}},"4":{"start":{"line":8,"column":0},"end":{"line":8,"column":39}},"5":{"start":{"line":10,"column":0},"end":{"line":10,"column":37}},"6":{"start":{"line":12,"column":0},"end":{"line":12,"column":31}},"7":{"start":{"line":15,"column":26},"end":{"line":15,"column":0}},"8":{"start":{"line":18,"column":12},"end":{"line":18,"column":22}},"9":{"start":{"line":19,"column":12},"end":{"line":19,"column":30}},"10":{"start":{"line":20,"column":10},"end":{"line":20,"column":22}},"11":{"start":{"line":23,"column":10},"end":{"line":23,"column":35}},"12":{"start":{"line":25,"column":9},"end":{"line":29,"column":3}},"13":{"start":{"line":26,"column":4},"end":{"line":28,"column":37}},"14":{"start":{"line":27,"column":18},"end":{"line":27,"column":45}},"15":{"start":{"line":31,"column":9},"end":{"line":41,"column":3}},"16":{"start":{"line":31,"column":2},"end":{"line":41,"column":2}},"17":{"start":{"line":32,"column":4},"end":{"line":32,"column":63}},"18":{"start":{"line":34,"column":4},"end":{"line":40,"column":37}},"19":{"start":{"line":36,"column":23},"end":{"line":36,"column":50}},"20":{"start":{"line":37,"column":8},"end":{"line":37,"column":43}},"21":{"start":{"line":39,"column":30},"end":{"line":39,"column":40}},"22":{"start":{"line":43,"column":8},"end":{"line":53,"column":3}},"23":{"start":{"line":43,"column":1},"end":{"line":53,"column":2}},"24":{"start":{"line":44,"column":17},"end":{"line":44,"column":46}},"25":{"start":{"line":45,"column":2},"end":{"line":45,"column":67}},"26":{"start":{"line":47,"column":4},"end":{"line":52,"column":37}},"27":{"start":{"line":49,"column":8},"end":{"line":49,"column":38}},"28":{"start":{"line":51,"column":30},"end":{"line":51,"column":40}},"29":{"start":{"line":55,"column":0},"end":{"line":55,"column":1}},"30":{"start":{"line":15,"column":13},"end":{"line":55,"column":1}},"31":{"start":{"line":15,"column":13},"end":{"line":15,"column":26}}},"fnMap":{"1":{"name":"(anonymous_2)","line":15,"loc":{"start":{"line":15,"column":26},"end":{"line":15,"column":0}}},"2":{"name":"TickerService","line":20,"loc":{"start":{"line":20,"column":22},"end":{"line":21,"column":6}}},"3":{"name":"(anonymous_4)","line":25,"loc":{"start":{"line":25,"column":2},"end":{"line":29,"column":3}}},"4":{"name":"(anonymous_5)","line":27,"loc":{"start":{"line":27,"column":14},"end":{"line":27,"column":45}}},"5":{"name":"(anonymous_6)","line":31,"loc":{"start":{"line":31,"column":34},"end":{"line":41,"column":3}}},"6":{"name":"(anonymous_7)","line":35,"loc":{"start":{"line":35,"column":29},"end":{"line":38,"column":7}}},"7":{"name":"(anonymous_8)","line":39,"loc":{"start":{"line":39,"column":25},"end":{"line":39,"column":40}}},"8":{"name":"(anonymous_9)","line":43,"loc":{"start":{"line":43,"column":35},"end":{"line":53,"column":3}}},"9":{"name":"(anonymous_10)","line":48,"loc":{"start":{"line":48,"column":29},"end":{"line":50,"column":7}}},"10":{"name":"(anonymous_11)","line":51,"loc":{"start":{"line":51,"column":25},"end":{"line":51,"column":40}}}},"branchMap":{},"s":{"1":1,"2":1,"3":1,"4":1,"5":1,"6":1,"7":1,"8":0,"9":0,"10":0,"11":0,"12":1,"13":0,"14":0,"15":1,"16":0,"17":0,"18":0,"19":0,"20":0,"21":0,"22":1,"23":0,"24":0,"25":0,"26":0,"27":0,"28":0,"29":1,"30":1,"31":1},"b":{},"f":{"1":1,"2":0,"3":0,"4":0,"5":0,"6":0,"7":0,"8":0,"9":0,"10":0},"l":{"1":1,"5":1,"6":1,"8":1,"10":1,"12":1,"15":1,"18":0,"19":0,"20":0,"23":0,"25":1,"26":0,"27":0,"31":1,"32":0,"34":0,"36":0,"37":0,"39":0,"43":1,"44":0,"45":0,"47":0,"49":0,"51":0,"55":1}},
"src/app/utils.ts":{"path":"src/app/utils.ts","statementMap":{"1":{"start":{"line":1,"column":0},"end":{"line":1,"column":40}},"2":{"start":{"line":3,"column":0},"end":{"line":3,"column":44}},"3":{"start":{"line":5,"column":0},"end":{"line":20,"column":0}},"4":{"start":{"line":7,"column":9},"end":{"line":19,"column":3}},"5":{"start":{"line":10,"column":4},"end":{"line":16,"column":5}},"6":{"start":{"line":11,"column":19},"end":{"line":11,"column":37}},"7":{"start":{"line":12,"column":18},"end":{"line":12,"column":52}},"8":{"start":{"line":13,"column":6},"end":{"line":13,"column":68}},"9":{"start":{"line":15,"column":6},"end":{"line":15,"column":64}},"10":{"start":{"line":17,"column":4},"end":{"line":17,"column":26}},"11":{"start":{"line":18,"column":4},"end":{"line":18,"column":36}},"12":{"start":{"line":20,"column":0},"end":{"line":20,"column":1}},"13":{"start":{"line":5,"column":13},"end":{"line":5,"column":18}},"14":{"start":{"line":23,"column":0},"end":{"line":null,"column":-1}},"15":{"start":{"line":26,"column":0},"end":{"line":26,"column":1}},"16":{"start":{"line":24,"column":17},"end":{"line":24,"column":52}},"17":{"start":{"line":25,"column":17},"end":{"line":25,"column":49}},"18":{"start":{"line":23,"column":13},"end":{"line":23,"column":22}}},"fnMap":{"1":{"name":"(anonymous_0)","line":5,"loc":{"start":{"line":5,"column":0},"end":{"line":5,"column":-1}}},"2":{"name":"Utils","line":5,"loc":{"start":{"line":5,"column":0},"end":{"line":20,"column":1}}},"3":{"name":"(anonymous_2)","line":7,"loc":{"start":{"line":7,"column":42},"end":{"line":19,"column":3}}},"4":{"name":"(anonymous_3)","line":23,"loc":{"start":{"line":23,"column":0},"end":{"line":23,"column":-1}}},"5":{"name":"Constants","line":23,"loc":{"start":{"line":23,"column":0},"end":{"line":26,"column":1}}}},"branchMap":{"1":{"line":10,"type":"if","locations":[{"start":{"line":10,"column":4},"end":{"line":16,"column":5}},{"start":{"line":10,"column":4},"end":{"line":16,"column":5}}]},"2":{"line":11,"type":"binary-expr","locations":[{"start":{"line":11,"column":19},"end":{"line":11,"column":31}},{"start":{"line":11,"column":35},"end":{"line":11,"column":37}}]},"3":{"line":12,"type":"binary-expr","locations":[{"start":{"line":12,"column":18},"end":{"line":12,"column":28}},{"start":{"line":12,"column":32},"end":{"line":12,"column":52}}]},"4":{"line":13,"type":"binary-expr","locations":[{"start":{"line":13,"column":36},"end":{"line":13,"column":52}},{"start":{"line":13,"column":56},"end":{"line":13,"column":58}}]},"5":{"line":15,"type":"cond-expr","locations":[{"start":{"line":15,"column":31},"end":{"line":15,"column":44}},{"start":{"line":15,"column":47},"end":{"line":15,"column":63}}]}},"s":{"1":1,"2":1,"3":1,"4":1,"5":0,"6":0,"7":0,"8":0,"9":0,"10":0,"11":0,"12":1,"13":1,"14":1,"15":1,"16":1,"17":1,"18":1},"b":{"1":[0,0],"2":[0,0],"3":[0,0],"4":[0,0],"5":[0,0]},"f":{"1":1,"2":0,"3":0,"4":1,"5":0},"l":{"1":1,"3":1,"5":1,"7":1,"10":0,"11":0,"12":0,"13":0,"15":0,"17":0,"18":0,"20":1,"23":1,"24":1,"25":1,"26":1}},
"src/app/ticker-detail-form/ticker-detail-form.component.ts":{"path":"src/app/ticker-detail-form/ticker-detail-form.component.ts","statementMap":{"1":{"start":{"line":1,"column":0},"end":{"line":1,"column":78}},"2":{"start":{"line":3,"column":0},"end":{"line":3,"column":36}},"3":{"start":{"line":5,"column":0},"end":{"line":5,"column":36}},"4":{"start":{"line":12,"column":38},"end":{"line":12,"column":0}},"5":{"start":{"line":14,"column":12},"end":{"line":14,"column":64}},"6":{"start":{"line":15,"column":12},"end":{"line":15,"column":61}},"7":{"start":{"line":17,"column":10},"end":{"line":17,"column":61}},"8":{"start":{"line":18,"column":10},"end":{"line":18,"column":44}},"9":{"start":{"line":19,"column":10},"end":{"line":19,"column":42}},"10":{"start":{"line":21,"column":11},"end":{"line":21,"column":33}},"11":{"start":{"line":24,"column":2},"end":{"line":27,"column":3}},"12":{"start":{"line":29,"column":25},"end":{"line":29,"column":45}},"13":{"start":{"line":25,"column":3},"end":{"line":25,"column":41}},"14":{"start":{"line":26,"column":3},"end":{"line":26,"column":25}},"15":{"start":{"line":31,"column":2},"end":{"line":43,"column":4}},"16":{"start":{"line":32,"column":3},"end":{"line":32,"column":52}},"17":{"start":{"line":33,"column":5},"end":{"line":33,"column":31}},"18":{"start":{"line":35,"column":18},"end":{"line":35,"column":44}},"19":{"start":{"line":36,"column":20},"end":{"line":36,"column":48}},"20":{"start":{"line":37,"column":20},"end":{"line":37,"column":48}},"21":{"start":{"line":38,"column":5},"end":{"line":38,"column":55}},"22":{"start":{"line":38,"column":46},"end":{"line":38,"column":53}},"23":{"start":{"line":40,"column":3},"end":{"line":40,"column":37}},"24":{"start":{"line":42,"column":3},"end":{"line":42,"column":60}},"25":{"start":{"line":45,"column":12},"end":{"line":47,"column":3}},"26":{"start":{"line":46,"column":3},"end":{"line":46,"column":32}},"27":{"start":{"line":49,"column":0},"end":{"line":49,"column":1}},"28":{"start":{"line":12,"column":13},"end":{"line":49,"column":1}},"29":{"start":{"line":12,"column":13},"end":{"line":12,"column":38}}},"fnMap":{"1":{"name":"(anonymous_2)","line":12,"loc":{"start":{"line":12,"column":38},"end":{"line":12,"column":0}}},"2":{"name":"TickerDetailFormComponent","line":7,"loc":{"start":{"line":7,"column":0},"end":{"line":49,"column":1}}},"3":{"name":"(anonymous_4)","line":29,"loc":{"start":{"line":29,"column":2},"end":{"line":29,"column":47}}},"4":{"name":"(anonymous_5)","line":24,"loc":{"start":{"line":24,"column":27},"end":{"line":27,"column":3}}},"5":{"name":"(anonymous_6)","line":31,"loc":{"start":{"line":31,"column":2},"end":{"line":43,"column":4}}},"6":{"name":"(anonymous_7)","line":45,"loc":{"start":{"line":45,"column":2},"end":{"line":47,"column":3}}}},"branchMap":{"1":{"line":38,"type":"if","locations":[{"start":{"line":38,"column":5},"end":{"line":38,"column":55}},{"start":{"line":38,"column":5},"end":{"line":38,"column":55}}]},"2":{"line":38,"type":"binary-expr","locations":[{"start":{"line":38,"column":9},"end":{"line":38,"column":16}},{"start":{"line":38,"column":20},"end":{"line":38,"column":29}},{"start":{"line":38,"column":33},"end":{"line":38,"column":42}}]}},"s":{"1":1,"2":1,"3":1,"4":1,"5":1,"6":1,"7":0,"8":0,"9":0,"10":0,"11":2,"12":0,"13":0,"14":0,"15":1,"16":0,"17":0,"18":0,"19":0,"20":0,"21":0,"22":0,"23":0,"24":0,"25":1,"26":0,"27":1,"28":1,"29":1},"b":{"1":[0,0],"2":[0,0,0]},"f":{"1":1,"2":0,"3":0,"4":0,"5":0,"6":0},"l":{"1":1,"3":1,"5":1,"12":1,"14":1,"15":1,"17":0,"18":0,"19":0,"21":0,"24":2,"25":0,"26":0,"29":0,"31":1,"32":0,"33":0,"35":0,"36":0,"37":0,"38":0,"40":0,"42":0,"45":1,"46":0,"49":1}}}
