{
"src/app/app.component.ts":{"path":"src/app/app.component.ts","statementMap":{"1":{"start":{"line":1,"column":0},"end":{"line":1,"column":41}},"2":{"start":{"line":5,"column":0},"end":{"line":5,"column":37}},"3":{"start":{"line":7,"column":0},"end":{"line":7,"column":37}},"4":{"start":{"line":14,"column":25},"end":{"line":14,"column":0}},"5":{"start":{"line":17,"column":21},"end":{"line":17,"column":31}},"6":{"start":{"line":15,"column":9},"end":{"line":15,"column":37}},"7":{"start":{"line":18,"column":0},"end":{"line":18,"column":1}},"8":{"start":{"line":14,"column":13},"end":{"line":18,"column":1}},"9":{"start":{"line":14,"column":13},"end":{"line":14,"column":25}}},"fnMap":{"1":{"name":"(anonymous_2)","line":14,"loc":{"start":{"line":14,"column":25},"end":{"line":14,"column":0}}},"2":{"name":"AppComponent","line":17,"loc":{"start":{"line":17,"column":31},"end":{"line":17,"column":35}}}},"branchMap":{},"s":{"1":1,"2":1,"3":1,"4":1,"5":1,"6":1,"7":1,"8":1,"9":1},"b":{},"f":{"1":1,"2":1},"l":{"1":1,"5":1,"7":1,"14":1,"15":1,"17":1,"18":1}},
"src/app/auth.service.ts":{"path":"src/app/auth.service.ts","statementMap":{"1":{"start":{"line":1,"column":0},"end":{"line":1,"column":42}},"2":{"start":{"line":2,"column":0},"end":{"line":2,"column":40}},"3":{"start":{"line":3,"column":0},"end":{"line":3,"column":46}},"4":{"start":{"line":5,"column":0},"end":{"line":5,"column":42}},"5":{"start":{"line":12,"column":17},"end":{"line":12,"column":0}},"6":{"start":{"line":19,"column":2},"end":{"line":44,"column":2}},"7":{"start":{"line":19,"column":22},"end":{"line":19,"column":36}},"8":{"start":{"line":20,"column":4},"end":{"line":43,"column":5}},"9":{"start":{"line":22,"column":6},"end":{"line":22,"column":76}},"10":{"start":{"line":25,"column":6},"end":{"line":25,"column":69}},"11":{"start":{"line":28,"column":6},"end":{"line":42,"column":9}},"12":{"start":{"line":29,"column":8},"end":{"line":29,"column":61}},"13":{"start":{"line":32,"column":8},"end":{"line":40,"column":11}},"14":{"start":{"line":33,"column":10},"end":{"line":35,"column":11}},"15":{"start":{"line":34,"column":12},"end":{"line":34,"column":31}},"16":{"start":{"line":37,"column":10},"end":{"line":37,"column":67}},"17":{"start":{"line":38,"column":10},"end":{"line":38,"column":80}},"18":{"start":{"line":39,"column":10},"end":{"line":39,"column":37}},"19":{"start":{"line":41,"column":8},"end":{"line":41,"column":25}},"20":{"start":{"line":46,"column":9},"end":{"line":55,"column":3}},"21":{"start":{"line":48,"column":2},"end":{"line":53,"column":5}},"22":{"start":{"line":49,"column":6},"end":{"line":49,"column":23}},"23":{"start":{"line":52,"column":6},"end":{"line":52,"column":324}},"24":{"start":{"line":54,"column":4},"end":{"line":54,"column":73}},"25":{"start":{"line":57,"column":9},"end":{"line":61,"column":3}},"26":{"start":{"line":60,"column":4},"end":{"line":60,"column":29}},"27":{"start":{"line":63,"column":9},"end":{"line":71,"column":3}},"28":{"start":{"line":65,"column":4},"end":{"line":65,"column":40}},"29":{"start":{"line":66,"column":4},"end":{"line":66,"column":39}},"30":{"start":{"line":67,"column":4},"end":{"line":67,"column":33}},"31":{"start":{"line":70,"column":4},"end":{"line":70,"column":35}},"32":{"start":{"line":72,"column":0},"end":{"line":72,"column":1}},"33":{"start":{"line":12,"column":13},"end":{"line":72,"column":1}},"34":{"start":{"line":12,"column":13},"end":{"line":12,"column":17}}},"fnMap":{"1":{"name":"(anonymous_2)","line":12,"loc":{"start":{"line":12,"column":17},"end":{"line":12,"column":0}}},"2":{"name":"Auth","line":19,"loc":{"start":{"line":19,"column":36},"end":{"line":44,"column":3}}},"3":{"name":"(anonymous_4)","line":28,"loc":{"start":{"line":28,"column":52},"end":{"line":42,"column":7}}},"4":{"name":"(anonymous_5)","line":32,"loc":{"start":{"line":32,"column":74},"end":{"line":40,"column":9}}},"5":{"name":"(anonymous_6)","line":46,"loc":{"start":{"line":46,"column":2},"end":{"line":55,"column":3}}},"6":{"name":"(anonymous_7)","line":57,"loc":{"start":{"line":57,"column":2},"end":{"line":61,"column":3}}},"7":{"name":"(anonymous_8)","line":63,"loc":{"start":{"line":63,"column":2},"end":{"line":71,"column":3}}}},"branchMap":{"1":{"line":20,"type":"if","locations":[{"start":{"line":20,"column":4},"end":{"line":43,"column":5}},{"start":{"line":20,"column":4},"end":{"line":43,"column":5}}]},"2":{"line":33,"type":"if","locations":[{"start":{"line":33,"column":10},"end":{"line":35,"column":11}},{"start":{"line":33,"column":10},"end":{"line":35,"column":11}}]},"3":{"line":48,"type":"if","locations":[{"start":{"line":48,"column":2},"end":{"line":53,"column":5}},{"start":{"line":48,"column":2},"end":{"line":53,"column":5}}]}},"s":{"1":1,"2":1,"3":1,"4":1,"5":1,"6":0,"7":0,"8":0,"9":0,"10":0,"11":0,"12":0,"13":0,"14":0,"15":0,"16":0,"17":0,"18":0,"19":0,"20":1,"21":0,"22":0,"23":0,"24":0,"25":1,"26":0,"27":1,"28":0,"29":0,"30":0,"31":0,"32":1,"33":1,"34":1},"b":{"1":[0,0],"2":[0,0],"3":[0,0]},"f":{"1":1,"2":0,"3":0,"4":0,"5":0,"6":0,"7":0},"l":{"1":1,"2":1,"3":1,"5":1,"12":1,"19":0,"20":0,"22":0,"25":0,"28":0,"29":0,"32":0,"33":0,"34":0,"37":0,"38":0,"39":0,"41":0,"46":1,"48":0,"49":0,"52":0,"54":0,"57":1,"60":0,"63":1,"65":0,"66":0,"67":0,"70":0,"72":1}},
"src/app/auth.config.ts":{"path":"src/app/auth.config.ts","statementMap":{"1":{"start":{"line":6,"column":13},"end":{"line":9,"column":2}}},"fnMap":{},"branchMap":{},"s":{"1":1},"b":{},"f":{},"l":{"6":1}}}
